<?xml version="1.0" encoding="UTF-8"?>
<!-- Generated by org.testng.reporters.JUnitXMLReporter -->
<testsuite ignored="38" hostname="Aparna-96" failures="0" tests="1" name="Default test" time="7.447" errors="0" timestamp="2024-01-19T10:39:19 IST">
  <testcase classname="com.ExcelrProject_1.Testcases" name="cartPageContinueBtnValidation" time="3.61"/>
  <testcase classname="com.ExcelrProject_1.Testcases" name="selectProductByLowToHigh" time="0.0">
    <ignored/>
  </testcase> <!-- selectProductByLowToHigh -->
  <testcase classname="com.ExcelrProject_1.Testcases" name="chekoutStepOnePageCancelBtnValidation" time="0.0">
    <ignored/>
  </testcase> <!-- chekoutStepOnePageCancelBtnValidation -->
  <testcase classname="com.ExcelrProject_1.Testcases" name="inventoryPageValidation" time="0.0">
    <ignored/>
  </testcase> <!-- inventoryPageValidation -->
  <testcase classname="com.ExcelrProject_1.Testcases" name="hamburgerResetAppState" time="0.0">
    <ignored/>
  </testcase> <!-- hamburgerResetAppState -->
  <testcase classname="com.ExcelrProject_1.Testcases" name="checkoutStepOneFieldsValidation" time="0.0">
    <ignored/>
  </testcase> <!-- checkoutStepOneFieldsValidation -->
  <testcase classname="com.ExcelrProject_1.Testcases" name="checkoutStepOnePagePostalCodeFieldEmptyValidation" time="0.0">
    <ignored/>
  </testcase> <!-- checkoutStepOnePagePostalCodeFieldEmptyValidation -->
  <testcase classname="com.ExcelrProject_1.Testcases" name="loginPageValidation" time="0.0">
    <ignored/>
  </testcase> <!-- loginPageValidation -->
  <testcase classname="com.ExcelrProject_1.Testcases" name="checkoutStepOnePageFirstnameEmptyValidation" time="0.0">
    <ignored/>
  </testcase> <!-- checkoutStepOnePageFirstnameEmptyValidation -->
  <testcase classname="com.ExcelrProject_1.Testcases" name="cartPageRemoveButtonValidation" time="0.0">
    <ignored/>
  </testcase> <!-- cartPageRemoveButtonValidation -->
  <testcase classname="com.ExcelrProject_1.Testcases" name="loginWithValidUsernameInvalidPassword" time="0.0">
    <ignored/>
  </testcase> <!-- loginWithValidUsernameInvalidPassword -->
  <testcase classname="com.ExcelrProject_1.Testcases" name="inventoryProductsDetails" time="0.0">
    <ignored/>
  </testcase> <!-- inventoryProductsDetails -->
  <testcase classname="com.ExcelrProject_1.Testcases" name="backTOProductsValidation" time="0.0">
    <ignored/>
  </testcase> <!-- backTOProductsValidation -->
  <testcase classname="com.ExcelrProject_1.Testcases" name="hamburgerLogoutValidation" time="0.0">
    <ignored/>
  </testcase> <!-- hamburgerLogoutValidation -->
  <testcase classname="com.ExcelrProject_1.Testcases" name="checkoutStepOnePageContinueBtnWithoutDataValidation" time="0.0">
    <ignored/>
  </testcase> <!-- checkoutStepOnePageContinueBtnWithoutDataValidation -->
  <testcase classname="com.ExcelrProject_1.Testcases" name="selectProductByReverseAlphabeticalOrderValidation" time="0.0">
    <ignored/>
  </testcase> <!-- selectProductByReverseAlphabeticalOrderValidation -->
  <testcase classname="com.ExcelrProject_1.Testcases" name="chekoutStepTwoPageValidation" time="0.0">
    <ignored/>
  </testcase> <!-- chekoutStepTwoPageValidation -->
  <testcase classname="com.ExcelrProject_1.Testcases" name="cartPageCheckoutBtnValidation" time="0.0">
    <ignored/>
  </testcase> <!-- cartPageCheckoutBtnValidation -->
  <testcase classname="com.ExcelrProject_1.Testcases" name="loginWithInvalidCredential" time="0.0">
    <ignored/>
  </testcase> <!-- loginWithInvalidCredential -->
  <testcase classname="com.ExcelrProject_1.Testcases" name="selectProductByAlphabeticalOrderValidation" time="0.0">
    <ignored/>
  </testcase> <!-- selectProductByAlphabeticalOrderValidation -->
  <testcase classname="com.ExcelrProject_1.Testcases" name="footerLinksValidation" time="0.0">
    <ignored/>
  </testcase> <!-- footerLinksValidation -->
  <testcase classname="com.ExcelrProject_1.Testcases" name="addToCartButtonValidation" time="0.0">
    <ignored/>
  </testcase> <!-- addToCartButtonValidation -->
  <testcase classname="com.ExcelrProject_1.Testcases" name="checkoutStepOnePageContinueBtnValidation" time="0.0">
    <ignored/>
  </testcase> <!-- checkoutStepOnePageContinueBtnValidation -->
  <testcase classname="com.ExcelrProject_1.Testcases" name="checkoutStepOnePageValidation" time="0.0">
    <ignored/>
  </testcase> <!-- checkoutStepOnePageValidation -->
  <testcase classname="com.ExcelrProject_1.Testcases" name="chekoutStepTwoPageFinishBtnValidation" time="0.0">
    <ignored/>
  </testcase> <!-- chekoutStepTwoPageFinishBtnValidation -->
  <testcase classname="com.ExcelrProject_1.Testcases" name="clickOnAnyProductvalidation" time="0.0">
    <ignored/>
  </testcase> <!-- clickOnAnyProductvalidation -->
  <testcase classname="com.ExcelrProject_1.Testcases" name="clickOnAddToCartButtonValidation" time="0.0">
    <ignored/>
  </testcase> <!-- clickOnAddToCartButtonValidation -->
  <testcase classname="com.ExcelrProject_1.Testcases" name="selectProductByHighToLow" time="0.0">
    <ignored/>
  </testcase> <!-- selectProductByHighToLow -->
  <testcase classname="com.ExcelrProject_1.Testcases" name="cartPageValidation" time="0.0">
    <ignored/>
  </testcase> <!-- cartPageValidation -->
  <testcase classname="com.ExcelrProject_1.Testcases" name="hamburgerMenuValidation" time="0.0">
    <ignored/>
  </testcase> <!-- hamburgerMenuValidation -->
  <testcase classname="com.ExcelrProject_1.Testcases" name="checkoutCompletePageValidation" time="0.0">
    <ignored/>
  </testcase> <!-- checkoutCompletePageValidation -->
  <testcase classname="com.ExcelrProject_1.Testcases" name="chekoutStepTwoPageCancelButtonValidation" time="0.0">
    <ignored/>
  </testcase> <!-- chekoutStepTwoPageCancelButtonValidation -->
  <testcase classname="com.ExcelrProject_1.Testcases" name="checkoutStepTwoPageSubTotalValidation" time="0.0">
    <ignored/>
  </testcase> <!-- checkoutStepTwoPageSubTotalValidation -->
  <testcase classname="com.ExcelrProject_1.Testcases" name="filterDropdownValidation" time="0.0">
    <ignored/>
  </testcase> <!-- filterDropdownValidation -->
  <testcase classname="com.ExcelrProject_1.Testcases" name="loginWithValidCredentials" time="0.0">
    <ignored/>
  </testcase> <!-- loginWithValidCredentials -->
  <testcase classname="com.ExcelrProject_1.Testcases" name="loginWithInvalidUsernameValidPassword" time="0.0">
    <ignored/>
  </testcase> <!-- loginWithInvalidUsernameValidPassword -->
  <testcase classname="com.ExcelrProject_1.Testcases" name="checkoutStepOnePageLastNameEmptyValidation" time="0.0">
    <ignored/>
  </testcase> <!-- checkoutStepOnePageLastNameEmptyValidation -->
  <testcase classname="com.ExcelrProject_1.Testcases" name="hamburgerAboutVerification" time="0.0">
    <ignored/>
  </testcase> <!-- hamburgerAboutVerification -->
  <testcase classname="com.ExcelrProject_1.Testcases" name="hamburgerAlltemsverification" time="0.0">
    <ignored/>
  </testcase> <!-- hamburgerAlltemsverification -->
</testsuite> <!-- Default test -->
