<?xml version="1.0" encoding="UTF-8"?>
<testng-results ignored="0" total="1" passed="1" failed="0" skipped="0">
  <reporter-output>
  </reporter-output>
  <suite started-at="2024-01-19T10:39:12 IST" name="Default suite" finished-at="2024-01-19T10:39:19 IST" duration-ms="7447">
    <groups>
    </groups>
    <test started-at="2024-01-19T10:39:12 IST" name="Default test" finished-at="2024-01-19T10:39:19 IST" duration-ms="7447">
      <class name="com.ExcelrProject_1.Testcases">
        <test-method is-config="true" signature="launchBrowser()[pri:0, instance:com.ExcelrProject_1.Testcases@217ed35e]" started-at="2024-01-19T10:39:12 IST" name="launchBrowser" finished-at="2024-01-19T10:39:16 IST" duration-ms="3794" status="PASS">
          <reporter-output>
          </reporter-output>
        </test-method> <!-- launchBrowser -->
        <test-method signature="cartPageContinueBtnValidation()[pri:24, instance:com.ExcelrProject_1.Testcases@217ed35e]" started-at="2024-01-19T10:39:16 IST" name="cartPageContinueBtnValidation" finished-at="2024-01-19T10:39:19 IST" duration-ms="3610" status="PASS">
          <reporter-output>
          </reporter-output>
        </test-method> <!-- cartPageContinueBtnValidation -->
      </class> <!-- com.ExcelrProject_1.Testcases -->
    </test> <!-- Default test -->
  </suite> <!-- Default suite -->
</testng-results>
